19-May-2021 12:03:04.528 경고 [main] org.apache.tomcat.util.digester.SetPropertiesRule.begin Match [Server]이(가) 프로퍼티 [port]을(를) [${shutdown.bind.port}](으)로 설정하지 못했습니다.
19-May-2021 12:03:04.669 경고 [main] org.apache.catalina.startup.SetAllPropertiesRule.begin [SetAllPropertiesRule]{Server/Service/Connector} Setting property 'port' to '${http.bind.port}' did not find a matching property.
19-May-2021 12:03:04.669 경고 [main] org.apache.catalina.startup.SetAllPropertiesRule.begin [SetAllPropertiesRule]{Server/Service/Connector} Setting property 'redirectPort' to '${https.bind.port}' did not find a matching property.
19-May-2021 12:03:04.675 심각 [main] org.apache.catalina.connector.Connector.setURIEncoding 인코딩 [${server.encoding}]은(는) JRE에 의해 인식되지 않습니다. Connector는 [UTF-8]을(를) 계속 사용할 것입니다.
	java.io.UnsupportedEncodingException: 문자 인코딩 [${server.encoding}]은(는) 지원되지 않습니다.
		at org.apache.tomcat.util.buf.B2CConverter.getCharset(B2CConverter.java:65)
		at org.apache.catalina.connector.Connector.setURIEncoding(Connector.java:750)
		at sun.reflect.NativeMethodAccessorImpl.invoke0(Native Method)
		at sun.reflect.NativeMethodAccessorImpl.invoke(NativeMethodAccessorImpl.java:62)
		at sun.reflect.DelegatingMethodAccessorImpl.invoke(DelegatingMethodAccessorImpl.java:43)
		at java.lang.reflect.Method.invoke(Method.java:498)
		at org.apache.tomcat.util.IntrospectionUtils.setProperty(IntrospectionUtils.java:71)
		at org.apache.tomcat.util.IntrospectionUtils.setProperty(IntrospectionUtils.java:48)
		at org.apache.catalina.startup.SetAllPropertiesRule.begin(SetAllPropertiesRule.java:67)
		at org.apache.tomcat.util.digester.Digester.startElement(Digester.java:1214)
		at com.sun.org.apache.xerces.internal.parsers.AbstractSAXParser.startElement(AbstractSAXParser.java:509)
		at com.sun.org.apache.xerces.internal.parsers.AbstractXMLDocumentParser.emptyElement(AbstractXMLDocumentParser.java:182)
		at com.sun.org.apache.xerces.internal.impl.XMLDocumentFragmentScannerImpl.scanStartElement(XMLDocumentFragmentScannerImpl.java:1339)
		at com.sun.org.apache.xerces.internal.impl.XMLDocumentFragmentScannerImpl$FragmentContentDriver.next(XMLDocumentFragmentScannerImpl.java:2784)
		at com.sun.org.apache.xerces.internal.impl.XMLDocumentScannerImpl.next(XMLDocumentScannerImpl.java:602)
		at com.sun.org.apache.xerces.internal.impl.XMLDocumentFragmentScannerImpl.scanDocument(XMLDocumentFragmentScannerImpl.java:505)
		at com.sun.org.apache.xerces.internal.parsers.XML11Configuration.parse(XML11Configuration.java:842)
		at com.sun.org.apache.xerces.internal.parsers.XML11Configuration.parse(XML11Configuration.java:771)
		at com.sun.org.apache.xerces.internal.parsers.XMLParser.parse(XMLParser.java:141)
		at com.sun.org.apache.xerces.internal.parsers.AbstractSAXParser.parse(AbstractSAXParser.java:1213)
		at com.sun.org.apache.xerces.internal.jaxp.SAXParserImpl$JAXPSAXParser.parse(SAXParserImpl.java:643)
		at org.apache.tomcat.util.digester.Digester.parse(Digester.java:1472)
		at org.apache.catalina.startup.Catalina.load(Catalina.java:566)
		at org.apache.catalina.startup.Catalina.load(Catalina.java:607)
		at sun.reflect.NativeMethodAccessorImpl.invoke0(Native Method)
		at sun.reflect.NativeMethodAccessorImpl.invoke(NativeMethodAccessorImpl.java:62)
		at sun.reflect.DelegatingMethodAccessorImpl.invoke(DelegatingMethodAccessorImpl.java:43)
		at java.lang.reflect.Method.invoke(Method.java:498)
		at org.apache.catalina.startup.Bootstrap.load(Bootstrap.java:303)
		at org.apache.catalina.startup.Bootstrap.main(Bootstrap.java:473)
19-May-2021 12:03:04.815 경고 [main] org.apache.catalina.startup.SetAllPropertiesRule.begin [SetAllPropertiesRule]{Server/Service/Connector} Setting property 'address' to '${ajp.bind.addr}' did not find a matching property.
19-May-2021 12:03:04.815 경고 [main] org.apache.catalina.startup.SetAllPropertiesRule.begin [SetAllPropertiesRule]{Server/Service/Connector} Setting property 'port' to '${ajp.bind.port}' did not find a matching property.
19-May-2021 12:03:04.815 경고 [main] org.apache.catalina.startup.SetAllPropertiesRule.begin [SetAllPropertiesRule]{Server/Service/Connector} Setting property 'redirectPort' to '${https.bind.port}' did not find a matching property.
19-May-2021 12:03:04.816 심각 [main] org.apache.catalina.connector.Connector.setURIEncoding 인코딩 [${server.encoding}]은(는) JRE에 의해 인식되지 않습니다. Connector는 [UTF-8]을(를) 계속 사용할 것입니다.
	java.io.UnsupportedEncodingException: 문자 인코딩 [${server.encoding}]은(는) 지원되지 않습니다.
		at org.apache.tomcat.util.buf.B2CConverter.getCharset(B2CConverter.java:65)
		at org.apache.catalina.connector.Connector.setURIEncoding(Connector.java:750)
		at sun.reflect.NativeMethodAccessorImpl.invoke0(Native Method)
		at sun.reflect.NativeMethodAccessorImpl.invoke(NativeMethodAccessorImpl.java:62)
		at sun.reflect.DelegatingMethodAccessorImpl.invoke(DelegatingMethodAccessorImpl.java:43)
		at java.lang.reflect.Method.invoke(Method.java:498)
		at org.apache.tomcat.util.IntrospectionUtils.setProperty(IntrospectionUtils.java:71)
		at org.apache.tomcat.util.IntrospectionUtils.setProperty(IntrospectionUtils.java:48)
		at org.apache.catalina.startup.SetAllPropertiesRule.begin(SetAllPropertiesRule.java:67)
		at org.apache.tomcat.util.digester.Digester.startElement(Digester.java:1214)
		at com.sun.org.apache.xerces.internal.parsers.AbstractSAXParser.startElement(AbstractSAXParser.java:509)
		at com.sun.org.apache.xerces.internal.parsers.AbstractXMLDocumentParser.emptyElement(AbstractXMLDocumentParser.java:182)
		at com.sun.org.apache.xerces.internal.impl.XMLDocumentFragmentScannerImpl.scanStartElement(XMLDocumentFragmentScannerImpl.java:1339)
		at com.sun.org.apache.xerces.internal.impl.XMLDocumentFragmentScannerImpl$FragmentContentDriver.next(XMLDocumentFragmentScannerImpl.java:2784)
		at com.sun.org.apache.xerces.internal.impl.XMLDocumentScannerImpl.next(XMLDocumentScannerImpl.java:602)
		at com.sun.org.apache.xerces.internal.impl.XMLDocumentFragmentScannerImpl.scanDocument(XMLDocumentFragmentScannerImpl.java:505)
		at com.sun.org.apache.xerces.internal.parsers.XML11Configuration.parse(XML11Configuration.java:842)
		at com.sun.org.apache.xerces.internal.parsers.XML11Configuration.parse(XML11Configuration.java:771)
		at com.sun.org.apache.xerces.internal.parsers.XMLParser.parse(XMLParser.java:141)
		at com.sun.org.apache.xerces.internal.parsers.AbstractSAXParser.parse(AbstractSAXParser.java:1213)
		at com.sun.org.apache.xerces.internal.jaxp.SAXParserImpl$JAXPSAXParser.parse(SAXParserImpl.java:643)
		at org.apache.tomcat.util.digester.Digester.parse(Digester.java:1472)
		at org.apache.catalina.startup.Catalina.load(Catalina.java:566)
		at org.apache.catalina.startup.Catalina.load(Catalina.java:607)
		at sun.reflect.NativeMethodAccessorImpl.invoke0(Native Method)
		at sun.reflect.NativeMethodAccessorImpl.invoke(NativeMethodAccessorImpl.java:62)
		at sun.reflect.DelegatingMethodAccessorImpl.invoke(DelegatingMethodAccessorImpl.java:43)
		at java.lang.reflect.Method.invoke(Method.java:498)
		at org.apache.catalina.startup.Bootstrap.load(Bootstrap.java:303)
		at org.apache.catalina.startup.Bootstrap.main(Bootstrap.java:473)
19-May-2021 12:03:04.817 경고 [main] org.apache.catalina.startup.SetAllPropertiesRule.begin [SetAllPropertiesRule]{Server/Service/Connector} Setting property 'port' to '${management.bind.port}' did not find a matching property.
19-May-2021 12:03:04.902 정보 [main] org.apache.catalina.startup.VersionLoggerListener.log 서버 버전 이름:        Apache Tomcat/9.0.30.redhat-4
19-May-2021 12:03:04.903 정보 [main] org.apache.catalina.startup.VersionLoggerListener.log Server 빌드 시각:          Mar 31 2020 09:14:38 UTC
19-May-2021 12:03:04.903 정보 [main] org.apache.catalina.startup.VersionLoggerListener.log Server 버전 번호:         9.0.30.0
19-May-2021 12:03:04.903 정보 [main] org.apache.catalina.startup.VersionLoggerListener.log 운영체제 이름:               Linux
19-May-2021 12:03:04.903 정보 [main] org.apache.catalina.startup.VersionLoggerListener.log 운영체제 버전:            3.10.0-862.el7.x86_64
19-May-2021 12:03:04.903 정보 [main] org.apache.catalina.startup.VersionLoggerListener.log 아키텍처:          amd64
19-May-2021 12:03:04.903 정보 [main] org.apache.catalina.startup.VersionLoggerListener.log 자바 홈:             /usr/lib/jvm/java-1.8.0-openjdk-1.8.0.292.b10-1.el7_9.x86_64/jre
19-May-2021 12:03:04.903 정보 [main] org.apache.catalina.startup.VersionLoggerListener.log JVM 버전:           1.8.0_292-b10
19-May-2021 12:03:04.903 정보 [main] org.apache.catalina.startup.VersionLoggerListener.log JVM 벤더:            Red Hat, Inc.
19-May-2021 12:03:04.903 정보 [main] org.apache.catalina.startup.VersionLoggerListener.log CATALINA_BASE:         /hli_app/sw/was/domains/TET_SMP
19-May-2021 12:03:04.903 정보 [main] org.apache.catalina.startup.VersionLoggerListener.log CATALINA_HOME:         /hli_app/sw/was/domains/TET_SMP
19-May-2021 12:03:04.908 정보 [main] org.apache.catalina.startup.VersionLoggerListener.log 명령 행 아규먼트: -Djava.util.logging.config.file=/hli_app/sw/was/domains/TET_SMP/conf/logging.properties
19-May-2021 12:03:04.908 정보 [main] org.apache.catalina.startup.VersionLoggerListener.log 명령 행 아규먼트: -Djava.util.logging.manager=org.apache.juli.ClassLoaderLogManager
19-May-2021 12:03:04.908 정보 [main] org.apache.catalina.startup.VersionLoggerListener.log 명령 행 아규먼트: -Djdk.tls.ephemeralDHKeySize=2048
19-May-2021 12:03:04.908 정보 [main] org.apache.catalina.startup.VersionLoggerListener.log 명령 행 아규먼트: -Djava.protocol.handler.pkgs=org.apache.catalina.webresources
19-May-2021 12:03:04.908 정보 [main] org.apache.catalina.startup.VersionLoggerListener.log 명령 행 아규먼트: -Dorg.apache.catalina.security.SecurityListener.UMASK=0027
19-May-2021 12:03:04.908 정보 [main] org.apache.catalina.startup.VersionLoggerListener.log 명령 행 아규먼트: -Dignore.endorsed.dirs=
19-May-2021 12:03:04.908 정보 [main] org.apache.catalina.startup.VersionLoggerListener.log 명령 행 아규먼트: -Dcatalina.base=/hli_app/sw/was/domains/TET_SMP
19-May-2021 12:03:04.908 정보 [main] org.apache.catalina.startup.VersionLoggerListener.log 명령 행 아규먼트: -Dcatalina.home=/hli_app/sw/was/domains/TET_SMP
19-May-2021 12:03:04.908 정보 [main] org.apache.catalina.startup.VersionLoggerListener.log 명령 행 아규먼트: -Djava.io.tmpdir=/hli_app/sw/was/domains/TET_SMP/temp
19-May-2021 12:03:04.908 정보 [main] org.apache.catalina.core.AprLifecycleListener.lifecycleEvent 프로덕션 환경들에서 최적의 성능을 제공하는, APR 기반 Apache Tomcat Native 라이브러리가, 다음 java.library.path에서 발견되지 않습니다: [/usr/java/packages/lib/amd64:/usr/lib64:/lib64:/lib:/usr/lib]
19-May-2021 12:03:05.450 정보 [main] org.apache.coyote.AbstractProtocol.init 프로토콜 핸들러 ["http-nio--1"]을(를) 초기화합니다.
19-May-2021 12:03:05.463 심각 [main] org.apache.catalina.util.LifecycleBase.handleSubClassException 구성요소 [Connector[HTTP/1.1-auto-1]]을(를) 초기화하지 못했습니다.
	org.apache.catalina.LifecycleException: 프로토콜 핸들러 초기화가 실패했습니다.
		at org.apache.catalina.connector.Connector.initInternal(Connector.java:983)
		at org.apache.catalina.util.LifecycleBase.init(LifecycleBase.java:136)
		at org.apache.catalina.core.StandardService.initInternal(StandardService.java:533)
		at org.apache.catalina.util.LifecycleBase.init(LifecycleBase.java:136)
		at org.apache.catalina.core.StandardServer.initInternal(StandardServer.java:1057)
		at org.apache.catalina.util.LifecycleBase.init(LifecycleBase.java:136)
		at org.apache.catalina.startup.Catalina.load(Catalina.java:584)
		at org.apache.catalina.startup.Catalina.load(Catalina.java:607)
		at sun.reflect.NativeMethodAccessorImpl.invoke0(Native Method)
		at sun.reflect.NativeMethodAccessorImpl.invoke(NativeMethodAccessorImpl.java:62)
		at sun.reflect.DelegatingMethodAccessorImpl.invoke(DelegatingMethodAccessorImpl.java:43)
		at java.lang.reflect.Method.invoke(Method.java:498)
		at org.apache.catalina.startup.Bootstrap.load(Bootstrap.java:303)
		at org.apache.catalina.startup.Bootstrap.main(Bootstrap.java:473)
	Caused by: java.lang.IllegalArgumentException: port out of range:-1
		at java.net.InetSocketAddress.checkPort(InetSocketAddress.java:143)
		at java.net.InetSocketAddress.<init>(InetSocketAddress.java:188)
		at org.apache.tomcat.util.net.NioEndpoint.initServerSocket(NioEndpoint.java:228)
		at org.apache.tomcat.util.net.NioEndpoint.bind(NioEndpoint.java:212)
		at org.apache.tomcat.util.net.AbstractEndpoint.bindWithCleanup(AbstractEndpoint.java:1141)
		at org.apache.tomcat.util.net.AbstractEndpoint.init(AbstractEndpoint.java:1154)
		at org.apache.coyote.AbstractProtocol.init(AbstractProtocol.java:575)
		at org.apache.coyote.http11.AbstractHttp11Protocol.init(AbstractHttp11Protocol.java:74)
		at org.apache.catalina.connector.Connector.initInternal(Connector.java:980)
		... 13 more
19-May-2021 12:03:05.465 정보 [main] org.apache.coyote.AbstractProtocol.init 프로토콜 핸들러 ["ajp-nio-127.0.0.1--1"]을(를) 초기화합니다.
19-May-2021 12:03:05.466 심각 [main] org.apache.catalina.util.LifecycleBase.handleSubClassException 구성요소 [Connector[AJP/1.3-auto-2]]을(를) 초기화하지 못했습니다.
	org.apache.catalina.LifecycleException: 프로토콜 핸들러 초기화가 실패했습니다.
		at org.apache.catalina.connector.Connector.initInternal(Connector.java:983)
		at org.apache.catalina.util.LifecycleBase.init(LifecycleBase.java:136)
		at org.apache.catalina.core.StandardService.initInternal(StandardService.java:533)
		at org.apache.catalina.util.LifecycleBase.init(LifecycleBase.java:136)
		at org.apache.catalina.core.StandardServer.initInternal(StandardServer.java:1057)
		at org.apache.catalina.util.LifecycleBase.init(LifecycleBase.java:136)
		at org.apache.catalina.startup.Catalina.load(Catalina.java:584)
		at org.apache.catalina.startup.Catalina.load(Catalina.java:607)
		at sun.reflect.NativeMethodAccessorImpl.invoke0(Native Method)
		at sun.reflect.NativeMethodAccessorImpl.invoke(NativeMethodAccessorImpl.java:62)
		at sun.reflect.DelegatingMethodAccessorImpl.invoke(DelegatingMethodAccessorImpl.java:43)
		at java.lang.reflect.Method.invoke(Method.java:498)
		at org.apache.catalina.startup.Bootstrap.load(Bootstrap.java:303)
		at org.apache.catalina.startup.Bootstrap.main(Bootstrap.java:473)
	Caused by: java.lang.IllegalArgumentException: port out of range:-1
		at java.net.InetSocketAddress.checkPort(InetSocketAddress.java:143)
		at java.net.InetSocketAddress.<init>(InetSocketAddress.java:188)
		at org.apache.tomcat.util.net.NioEndpoint.initServerSocket(NioEndpoint.java:228)
		at org.apache.tomcat.util.net.NioEndpoint.bind(NioEndpoint.java:212)
		at org.apache.tomcat.util.net.AbstractEndpoint.bindWithCleanup(AbstractEndpoint.java:1141)
		at org.apache.tomcat.util.net.AbstractEndpoint.init(AbstractEndpoint.java:1154)
		at org.apache.coyote.AbstractProtocol.init(AbstractProtocol.java:575)
		at org.apache.catalina.connector.Connector.initInternal(Connector.java:980)
		... 13 more
19-May-2021 12:03:05.467 정보 [main] org.apache.coyote.AbstractProtocol.init 프로토콜 핸들러 ["http-nio--1"]을(를) 초기화합니다.
19-May-2021 12:03:05.467 심각 [main] org.apache.catalina.util.LifecycleBase.handleSubClassException 구성요소 [Connector[HTTP/1.1-auto-3]]을(를) 초기화하지 못했습니다.
	org.apache.catalina.LifecycleException: 프로토콜 핸들러 초기화가 실패했습니다.
		at org.apache.catalina.connector.Connector.initInternal(Connector.java:983)
		at org.apache.catalina.util.LifecycleBase.init(LifecycleBase.java:136)
		at org.apache.catalina.core.StandardService.initInternal(StandardService.java:533)
		at org.apache.catalina.util.LifecycleBase.init(LifecycleBase.java:136)
		at org.apache.catalina.core.StandardServer.initInternal(StandardServer.java:1057)
		at org.apache.catalina.util.LifecycleBase.init(LifecycleBase.java:136)
		at org.apache.catalina.startup.Catalina.load(Catalina.java:584)
		at org.apache.catalina.startup.Catalina.load(Catalina.java:607)
		at sun.reflect.NativeMethodAccessorImpl.invoke0(Native Method)
		at sun.reflect.NativeMethodAccessorImpl.invoke(NativeMethodAccessorImpl.java:62)
		at sun.reflect.DelegatingMethodAccessorImpl.invoke(DelegatingMethodAccessorImpl.java:43)
		at java.lang.reflect.Method.invoke(Method.java:498)
		at org.apache.catalina.startup.Bootstrap.load(Bootstrap.java:303)
		at org.apache.catalina.startup.Bootstrap.main(Bootstrap.java:473)
	Caused by: java.lang.IllegalArgumentException: port out of range:-1
		at java.net.InetSocketAddress.checkPort(InetSocketAddress.java:143)
		at java.net.InetSocketAddress.<init>(InetSocketAddress.java:188)
		at org.apache.tomcat.util.net.NioEndpoint.initServerSocket(NioEndpoint.java:228)
		at org.apache.tomcat.util.net.NioEndpoint.bind(NioEndpoint.java:212)
		at org.apache.tomcat.util.net.AbstractEndpoint.bindWithCleanup(AbstractEndpoint.java:1141)
		at org.apache.tomcat.util.net.AbstractEndpoint.init(AbstractEndpoint.java:1154)
		at org.apache.coyote.AbstractProtocol.init(AbstractProtocol.java:575)
		at org.apache.coyote.http11.AbstractHttp11Protocol.init(AbstractHttp11Protocol.java:74)
		at org.apache.catalina.connector.Connector.initInternal(Connector.java:980)
		... 13 more
19-May-2021 12:03:05.470 정보 [main] org.apache.catalina.startup.Catalina.load [1,116] 밀리초 내에 서버가 초기화되었습니다.
19-May-2021 12:03:05.504 정보 [main] org.apache.catalina.core.StandardService.startInternal 서비스 [Catalina]을(를) 시작합니다.
19-May-2021 12:03:05.504 정보 [main] org.apache.catalina.core.StandardEngine.startInternal 서버 엔진을 시작합니다: [Apache Tomcat/9.0.30.redhat-4]
19-May-2021 12:03:05.506 심각 [main] org.apache.catalina.startup.HostConfig.beforeStart 배치를 위한 디렉토리 [/hli_app/sw/was/domains/TET_SMP/${jws.webapp}]을(를) 생성할 수 없습니다.
19-May-2021 12:03:05.525 경고 [main] org.apache.catalina.core.StandardContext.postWorkDirectory 컨텍스트 [/${jws.docbase}]을(를) 위한 작업 디렉토리 [/hli_app/sw/was/domains/TET_SMP/work/Catalina/localhost/${jws.docbase}]을(를) 생성하지 못했습니다.
19-May-2021 12:03:05.541 심각 [main] org.apache.catalina.core.ContainerBase.startInternal 자식 컨테이너를 시작 중 실패했습니다.
	java.util.concurrent.ExecutionException: org.apache.catalina.LifecycleException: 구성요소 [org.apache.catalina.webresources.StandardRoot@cb0ed20]을(를) 시작하지 못했습니다.
		at java.util.concurrent.FutureTask.report(FutureTask.java:122)
		at java.util.concurrent.FutureTask.get(FutureTask.java:192)
		at org.apache.catalina.core.ContainerBase.startInternal(ContainerBase.java:916)
		at org.apache.catalina.core.StandardHost.startInternal(StandardHost.java:841)
		at org.apache.catalina.util.LifecycleBase.start(LifecycleBase.java:183)
		at org.apache.catalina.core.ContainerBase$StartChild.call(ContainerBase.java:1384)
		at org.apache.catalina.core.ContainerBase$StartChild.call(ContainerBase.java:1374)
		at java.util.concurrent.FutureTask.run(FutureTask.java:266)
		at org.apache.tomcat.util.threads.InlineExecutorService.execute(InlineExecutorService.java:75)
		at java.util.concurrent.AbstractExecutorService.submit(AbstractExecutorService.java:134)
		at org.apache.catalina.core.ContainerBase.startInternal(ContainerBase.java:909)
		at org.apache.catalina.core.StandardEngine.startInternal(StandardEngine.java:262)
		at org.apache.catalina.util.LifecycleBase.start(LifecycleBase.java:183)
		at org.apache.catalina.core.StandardService.startInternal(StandardService.java:421)
		at org.apache.catalina.util.LifecycleBase.start(LifecycleBase.java:183)
		at org.apache.catalina.core.StandardServer.startInternal(StandardServer.java:930)
		at org.apache.catalina.util.LifecycleBase.start(LifecycleBase.java:183)
		at org.apache.catalina.startup.Catalina.start(Catalina.java:633)
		at sun.reflect.NativeMethodAccessorImpl.invoke0(Native Method)
		at sun.reflect.NativeMethodAccessorImpl.invoke(NativeMethodAccessorImpl.java:62)
		at sun.reflect.DelegatingMethodAccessorImpl.invoke(DelegatingMethodAccessorImpl.java:43)
		at java.lang.reflect.Method.invoke(Method.java:498)
		at org.apache.catalina.startup.Bootstrap.start(Bootstrap.java:343)
		at org.apache.catalina.startup.Bootstrap.main(Bootstrap.java:474)
	Caused by: org.apache.catalina.LifecycleException: 구성요소 [org.apache.catalina.webresources.StandardRoot@cb0ed20]을(를) 시작하지 못했습니다.
		at org.apache.catalina.util.LifecycleBase.handleSubClassException(LifecycleBase.java:440)
		at org.apache.catalina.util.LifecycleBase.start(LifecycleBase.java:198)
		at org.apache.catalina.core.StandardContext.resourcesStart(StandardContext.java:4800)
		at org.apache.catalina.core.StandardContext.startInternal(StandardContext.java:4935)
		at org.apache.catalina.util.LifecycleBase.start(LifecycleBase.java:183)
		at org.apache.catalina.core.ContainerBase$StartChild.call(ContainerBase.java:1384)
		at org.apache.catalina.core.ContainerBase$StartChild.call(ContainerBase.java:1374)
		at java.util.concurrent.FutureTask.run(FutureTask.java:266)
		at org.apache.tomcat.util.threads.InlineExecutorService.execute(InlineExecutorService.java:75)
		at java.util.concurrent.AbstractExecutorService.submit(AbstractExecutorService.java:134)
		at org.apache.catalina.core.ContainerBase.startInternal(ContainerBase.java:909)
		... 21 more
	Caused by: java.lang.IllegalArgumentException: 지정된 주요 리소스셋 [/hli_app/sw/was/domains/TET_SMP/${jws.webapp}/${jws.docbase}]은(는) 유효하지 않습니다.
		at org.apache.catalina.webresources.StandardRoot.createMainResourceSet(StandardRoot.java:752)
		at org.apache.catalina.webresources.StandardRoot.startInternal(StandardRoot.java:709)
		at org.apache.catalina.util.LifecycleBase.start(LifecycleBase.java:183)
		... 30 more
19-May-2021 12:03:05.542 심각 [main] org.apache.catalina.core.ContainerBase.startInternal 자식 컨테이너를 시작 중 실패했습니다.
	java.util.concurrent.ExecutionException: org.apache.catalina.LifecycleException: 자식 컨테이너를 시작 중 실패했습니다.
		at java.util.concurrent.FutureTask.report(FutureTask.java:122)
		at java.util.concurrent.FutureTask.get(FutureTask.java:192)
		at org.apache.catalina.core.ContainerBase.startInternal(ContainerBase.java:916)
		at org.apache.catalina.core.StandardEngine.startInternal(StandardEngine.java:262)
		at org.apache.catalina.util.LifecycleBase.start(LifecycleBase.java:183)
		at org.apache.catalina.core.StandardService.startInternal(StandardService.java:421)
		at org.apache.catalina.util.LifecycleBase.start(LifecycleBase.java:183)
		at org.apache.catalina.core.StandardServer.startInternal(StandardServer.java:930)
		at org.apache.catalina.util.LifecycleBase.start(LifecycleBase.java:183)
		at org.apache.catalina.startup.Catalina.start(Catalina.java:633)
		at sun.reflect.NativeMethodAccessorImpl.invoke0(Native Method)
		at sun.reflect.NativeMethodAccessorImpl.invoke(NativeMethodAccessorImpl.java:62)
		at sun.reflect.DelegatingMethodAccessorImpl.invoke(DelegatingMethodAccessorImpl.java:43)
		at java.lang.reflect.Method.invoke(Method.java:498)
		at org.apache.catalina.startup.Bootstrap.start(Bootstrap.java:343)
		at org.apache.catalina.startup.Bootstrap.main(Bootstrap.java:474)
	Caused by: org.apache.catalina.LifecycleException: 자식 컨테이너를 시작 중 실패했습니다.
		at org.apache.catalina.core.ContainerBase.startInternal(ContainerBase.java:928)
		at org.apache.catalina.core.StandardHost.startInternal(StandardHost.java:841)
		at org.apache.catalina.util.LifecycleBase.start(LifecycleBase.java:183)
		at org.apache.catalina.core.ContainerBase$StartChild.call(ContainerBase.java:1384)
		at org.apache.catalina.core.ContainerBase$StartChild.call(ContainerBase.java:1374)
		at java.util.concurrent.FutureTask.run(FutureTask.java:266)
		at org.apache.tomcat.util.threads.InlineExecutorService.execute(InlineExecutorService.java:75)
		at java.util.concurrent.AbstractExecutorService.submit(AbstractExecutorService.java:134)
		at org.apache.catalina.core.ContainerBase.startInternal(ContainerBase.java:909)
		... 13 more
	Caused by: java.util.concurrent.ExecutionException: org.apache.catalina.LifecycleException: 구성요소 [org.apache.catalina.webresources.StandardRoot@cb0ed20]을(를) 시작하지 못했습니다.
		at java.util.concurrent.FutureTask.report(FutureTask.java:122)
		at java.util.concurrent.FutureTask.get(FutureTask.java:192)
		at org.apache.catalina.core.ContainerBase.startInternal(ContainerBase.java:916)
		... 21 more
	Caused by: org.apache.catalina.LifecycleException: 구성요소 [org.apache.catalina.webresources.StandardRoot@cb0ed20]을(를) 시작하지 못했습니다.
		at org.apache.catalina.util.LifecycleBase.handleSubClassException(LifecycleBase.java:440)
		at org.apache.catalina.util.LifecycleBase.start(LifecycleBase.java:198)
		at org.apache.catalina.core.StandardContext.resourcesStart(StandardContext.java:4800)
		at org.apache.catalina.core.StandardContext.startInternal(StandardContext.java:4935)
		at org.apache.catalina.util.LifecycleBase.start(LifecycleBase.java:183)
		at org.apache.catalina.core.ContainerBase$StartChild.call(ContainerBase.java:1384)
		at org.apache.catalina.core.ContainerBase$StartChild.call(ContainerBase.java:1374)
		at java.util.concurrent.FutureTask.run(FutureTask.java:266)
		at org.apache.tomcat.util.threads.InlineExecutorService.execute(InlineExecutorService.java:75)
		at java.util.concurrent.AbstractExecutorService.submit(AbstractExecutorService.java:134)
		at org.apache.catalina.core.ContainerBase.startInternal(ContainerBase.java:909)
		... 21 more
	Caused by: java.lang.IllegalArgumentException: 지정된 주요 리소스셋 [/hli_app/sw/was/domains/TET_SMP/${jws.webapp}/${jws.docbase}]은(는) 유효하지 않습니다.
		at org.apache.catalina.webresources.StandardRoot.createMainResourceSet(StandardRoot.java:752)
		at org.apache.catalina.webresources.StandardRoot.startInternal(StandardRoot.java:709)
		at org.apache.catalina.util.LifecycleBase.start(LifecycleBase.java:183)
		... 30 more
19-May-2021 12:03:05.543 심각 [main] org.apache.catalina.startup.Catalina.start 필수 항목인 서버 구성요소가 제대로 시작되지 못하여, Tomcat이 시작될 수 없습니다.
	org.apache.catalina.LifecycleException: 자식 컨테이너를 시작 중 실패했습니다.
		at org.apache.catalina.core.ContainerBase.startInternal(ContainerBase.java:928)
		at org.apache.catalina.core.StandardEngine.startInternal(StandardEngine.java:262)
		at org.apache.catalina.util.LifecycleBase.start(LifecycleBase.java:183)
		at org.apache.catalina.core.StandardService.startInternal(StandardService.java:421)
		at org.apache.catalina.util.LifecycleBase.start(LifecycleBase.java:183)
		at org.apache.catalina.core.StandardServer.startInternal(StandardServer.java:930)
		at org.apache.catalina.util.LifecycleBase.start(LifecycleBase.java:183)
		at org.apache.catalina.startup.Catalina.start(Catalina.java:633)
		at sun.reflect.NativeMethodAccessorImpl.invoke0(Native Method)
		at sun.reflect.NativeMethodAccessorImpl.invoke(NativeMethodAccessorImpl.java:62)
		at sun.reflect.DelegatingMethodAccessorImpl.invoke(DelegatingMethodAccessorImpl.java:43)
		at java.lang.reflect.Method.invoke(Method.java:498)
		at org.apache.catalina.startup.Bootstrap.start(Bootstrap.java:343)
		at org.apache.catalina.startup.Bootstrap.main(Bootstrap.java:474)
	Caused by: java.util.concurrent.ExecutionException: org.apache.catalina.LifecycleException: 자식 컨테이너를 시작 중 실패했습니다.
		at java.util.concurrent.FutureTask.report(FutureTask.java:122)
		at java.util.concurrent.FutureTask.get(FutureTask.java:192)
		at org.apache.catalina.core.ContainerBase.startInternal(ContainerBase.java:916)
		... 13 more
	Caused by: org.apache.catalina.LifecycleException: 자식 컨테이너를 시작 중 실패했습니다.
		at org.apache.catalina.core.ContainerBase.startInternal(ContainerBase.java:928)
		at org.apache.catalina.core.StandardHost.startInternal(StandardHost.java:841)
		at org.apache.catalina.util.LifecycleBase.start(LifecycleBase.java:183)
		at org.apache.catalina.core.ContainerBase$StartChild.call(ContainerBase.java:1384)
		at org.apache.catalina.core.ContainerBase$StartChild.call(ContainerBase.java:1374)
		at java.util.concurrent.FutureTask.run(FutureTask.java:266)
		at org.apache.tomcat.util.threads.InlineExecutorService.execute(InlineExecutorService.java:75)
		at java.util.concurrent.AbstractExecutorService.submit(AbstractExecutorService.java:134)
		at org.apache.catalina.core.ContainerBase.startInternal(ContainerBase.java:909)
		... 13 more
	Caused by: java.util.concurrent.ExecutionException: org.apache.catalina.LifecycleException: 구성요소 [org.apache.catalina.webresources.StandardRoot@cb0ed20]을(를) 시작하지 못했습니다.
		at java.util.concurrent.FutureTask.report(FutureTask.java:122)
		at java.util.concurrent.FutureTask.get(FutureTask.java:192)
		at org.apache.catalina.core.ContainerBase.startInternal(ContainerBase.java:916)
		... 21 more
	Caused by: org.apache.catalina.LifecycleException: 구성요소 [org.apache.catalina.webresources.StandardRoot@cb0ed20]을(를) 시작하지 못했습니다.
		at org.apache.catalina.util.LifecycleBase.handleSubClassException(LifecycleBase.java:440)
		at org.apache.catalina.util.LifecycleBase.start(LifecycleBase.java:198)
		at org.apache.catalina.core.StandardContext.resourcesStart(StandardContext.java:4800)
		at org.apache.catalina.core.StandardContext.startInternal(StandardContext.java:4935)
		at org.apache.catalina.util.LifecycleBase.start(LifecycleBase.java:183)
		at org.apache.catalina.core.ContainerBase$StartChild.call(ContainerBase.java:1384)
		at org.apache.catalina.core.ContainerBase$StartChild.call(ContainerBase.java:1374)
		at java.util.concurrent.FutureTask.run(FutureTask.java:266)
		at org.apache.tomcat.util.threads.InlineExecutorService.execute(InlineExecutorService.java:75)
		at java.util.concurrent.AbstractExecutorService.submit(AbstractExecutorService.java:134)
		at org.apache.catalina.core.ContainerBase.startInternal(ContainerBase.java:909)
		... 21 more
	Caused by: java.lang.IllegalArgumentException: 지정된 주요 리소스셋 [/hli_app/sw/was/domains/TET_SMP/${jws.webapp}/${jws.docbase}]은(는) 유효하지 않습니다.
		at org.apache.catalina.webresources.StandardRoot.createMainResourceSet(StandardRoot.java:752)
		at org.apache.catalina.webresources.StandardRoot.startInternal(StandardRoot.java:709)
		at org.apache.catalina.util.LifecycleBase.start(LifecycleBase.java:183)
		... 30 more
19-May-2021 12:03:05.543 정보 [main] org.apache.coyote.AbstractProtocol.pause 프로토콜 핸들러 ["http-nio--1"]을(를) 일시 정지 중
19-May-2021 12:03:05.544 정보 [main] org.apache.coyote.AbstractProtocol.pause 프로토콜 핸들러 ["ajp-nio-127.0.0.1--1"]을(를) 일시 정지 중
19-May-2021 12:03:05.544 정보 [main] org.apache.coyote.AbstractProtocol.pause 프로토콜 핸들러 ["http-nio--1"]을(를) 일시 정지 중
19-May-2021 12:03:05.544 정보 [main] org.apache.catalina.core.StandardService.stopInternal 서비스 [Catalina]을(를) 중지시킵니다.
19-May-2021 12:03:05.545 정보 [main] org.apache.coyote.AbstractProtocol.stop 프로토콜 핸들러 ["http-nio--1"]을(를) 중지시킵니다.
19-May-2021 12:03:05.545 정보 [main] org.apache.coyote.AbstractProtocol.destroy 프로토콜 핸들러 ["http-nio--1"]을(를) 소멸시킵니다.
19-May-2021 12:03:05.545 정보 [main] org.apache.coyote.AbstractProtocol.stop 프로토콜 핸들러 ["ajp-nio-127.0.0.1--1"]을(를) 중지시킵니다.
19-May-2021 12:03:05.545 정보 [main] org.apache.coyote.AbstractProtocol.destroy 프로토콜 핸들러 ["ajp-nio-127.0.0.1--1"]을(를) 소멸시킵니다.
19-May-2021 12:03:05.546 정보 [main] org.apache.coyote.AbstractProtocol.stop 프로토콜 핸들러 ["http-nio--1"]을(를) 중지시킵니다.
19-May-2021 12:03:05.546 정보 [main] org.apache.coyote.AbstractProtocol.destroy 프로토콜 핸들러 ["http-nio--1"]을(를) 소멸시킵니다.
21-May-2021 17:26:28.608 경고 [main] org.apache.tomcat.util.digester.SetPropertiesRule.begin Match [Server]이(가) 프로퍼티 [port]을(를) [${shutdown.bind.port}](으)로 설정하지 못했습니다.
21-May-2021 17:26:28.696 경고 [main] org.apache.catalina.startup.SetAllPropertiesRule.begin [SetAllPropertiesRule]{Server/Service/Connector} Setting property 'port' to '${http.bind.port}' did not find a matching property.
21-May-2021 17:26:28.697 경고 [main] org.apache.catalina.startup.SetAllPropertiesRule.begin [SetAllPropertiesRule]{Server/Service/Connector} Setting property 'redirectPort' to '${https.bind.port}' did not find a matching property.
21-May-2021 17:26:28.703 심각 [main] org.apache.catalina.connector.Connector.setURIEncoding 인코딩 [${server.encoding}]은(는) JRE에 의해 인식되지 않습니다. Connector는 [UTF-8]을(를) 계속 사용할 것입니다.
	java.io.UnsupportedEncodingException: 문자 인코딩 [${server.encoding}]은(는) 지원되지 않습니다.
		at org.apache.tomcat.util.buf.B2CConverter.getCharset(B2CConverter.java:65)
		at org.apache.catalina.connector.Connector.setURIEncoding(Connector.java:750)
		at sun.reflect.NativeMethodAccessorImpl.invoke0(Native Method)
		at sun.reflect.NativeMethodAccessorImpl.invoke(NativeMethodAccessorImpl.java:62)
		at sun.reflect.DelegatingMethodAccessorImpl.invoke(DelegatingMethodAccessorImpl.java:43)
		at java.lang.reflect.Method.invoke(Method.java:498)
		at org.apache.tomcat.util.IntrospectionUtils.setProperty(IntrospectionUtils.java:71)
		at org.apache.tomcat.util.IntrospectionUtils.setProperty(IntrospectionUtils.java:48)
		at org.apache.catalina.startup.SetAllPropertiesRule.begin(SetAllPropertiesRule.java:67)
		at org.apache.tomcat.util.digester.Digester.startElement(Digester.java:1214)
		at com.sun.org.apache.xerces.internal.parsers.AbstractSAXParser.startElement(AbstractSAXParser.java:509)
		at com.sun.org.apache.xerces.internal.parsers.AbstractXMLDocumentParser.emptyElement(AbstractXMLDocumentParser.java:182)
		at com.sun.org.apache.xerces.internal.impl.XMLDocumentFragmentScannerImpl.scanStartElement(XMLDocumentFragmentScannerImpl.java:1339)
		at com.sun.org.apache.xerces.internal.impl.XMLDocumentFragmentScannerImpl$FragmentContentDriver.next(XMLDocumentFragmentScannerImpl.java:2784)
		at com.sun.org.apache.xerces.internal.impl.XMLDocumentScannerImpl.next(XMLDocumentScannerImpl.java:602)
		at com.sun.org.apache.xerces.internal.impl.XMLDocumentFragmentScannerImpl.scanDocument(XMLDocumentFragmentScannerImpl.java:505)
		at com.sun.org.apache.xerces.internal.parsers.XML11Configuration.parse(XML11Configuration.java:842)
		at com.sun.org.apache.xerces.internal.parsers.XML11Configuration.parse(XML11Configuration.java:771)
		at com.sun.org.apache.xerces.internal.parsers.XMLParser.parse(XMLParser.java:141)
		at com.sun.org.apache.xerces.internal.parsers.AbstractSAXParser.parse(AbstractSAXParser.java:1213)
		at com.sun.org.apache.xerces.internal.jaxp.SAXParserImpl$JAXPSAXParser.parse(SAXParserImpl.java:643)
		at org.apache.tomcat.util.digester.Digester.parse(Digester.java:1472)
		at org.apache.catalina.startup.Catalina.load(Catalina.java:566)
		at org.apache.catalina.startup.Catalina.load(Catalina.java:607)
		at sun.reflect.NativeMethodAccessorImpl.invoke0(Native Method)
		at sun.reflect.NativeMethodAccessorImpl.invoke(NativeMethodAccessorImpl.java:62)
		at sun.reflect.DelegatingMethodAccessorImpl.invoke(DelegatingMethodAccessorImpl.java:43)
		at java.lang.reflect.Method.invoke(Method.java:498)
		at org.apache.catalina.startup.Bootstrap.load(Bootstrap.java:303)
		at org.apache.catalina.startup.Bootstrap.main(Bootstrap.java:473)
21-May-2021 17:26:28.844 경고 [main] org.apache.catalina.startup.SetAllPropertiesRule.begin [SetAllPropertiesRule]{Server/Service/Connector} Setting property 'address' to '${ajp.bind.addr}' did not find a matching property.
21-May-2021 17:26:28.844 경고 [main] org.apache.catalina.startup.SetAllPropertiesRule.begin [SetAllPropertiesRule]{Server/Service/Connector} Setting property 'port' to '${ajp.bind.port}' did not find a matching property.
21-May-2021 17:26:28.845 경고 [main] org.apache.catalina.startup.SetAllPropertiesRule.begin [SetAllPropertiesRule]{Server/Service/Connector} Setting property 'redirectPort' to '${https.bind.port}' did not find a matching property.
21-May-2021 17:26:28.845 심각 [main] org.apache.catalina.connector.Connector.setURIEncoding 인코딩 [${server.encoding}]은(는) JRE에 의해 인식되지 않습니다. Connector는 [UTF-8]을(를) 계속 사용할 것입니다.
	java.io.UnsupportedEncodingException: 문자 인코딩 [${server.encoding}]은(는) 지원되지 않습니다.
		at org.apache.tomcat.util.buf.B2CConverter.getCharset(B2CConverter.java:65)
		at org.apache.catalina.connector.Connector.setURIEncoding(Connector.java:750)
		at sun.reflect.NativeMethodAccessorImpl.invoke0(Native Method)
		at sun.reflect.NativeMethodAccessorImpl.invoke(NativeMethodAccessorImpl.java:62)
		at sun.reflect.DelegatingMethodAccessorImpl.invoke(DelegatingMethodAccessorImpl.java:43)
		at java.lang.reflect.Method.invoke(Method.java:498)
		at org.apache.tomcat.util.IntrospectionUtils.setProperty(IntrospectionUtils.java:71)
		at org.apache.tomcat.util.IntrospectionUtils.setProperty(IntrospectionUtils.java:48)
		at org.apache.catalina.startup.SetAllPropertiesRule.begin(SetAllPropertiesRule.java:67)
		at org.apache.tomcat.util.digester.Digester.startElement(Digester.java:1214)
		at com.sun.org.apache.xerces.internal.parsers.AbstractSAXParser.startElement(AbstractSAXParser.java:509)
		at com.sun.org.apache.xerces.internal.parsers.AbstractXMLDocumentParser.emptyElement(AbstractXMLDocumentParser.java:182)
		at com.sun.org.apache.xerces.internal.impl.XMLDocumentFragmentScannerImpl.scanStartElement(XMLDocumentFragmentScannerImpl.java:1339)
		at com.sun.org.apache.xerces.internal.impl.XMLDocumentFragmentScannerImpl$FragmentContentDriver.next(XMLDocumentFragmentScannerImpl.java:2784)
		at com.sun.org.apache.xerces.internal.impl.XMLDocumentScannerImpl.next(XMLDocumentScannerImpl.java:602)
		at com.sun.org.apache.xerces.internal.impl.XMLDocumentFragmentScannerImpl.scanDocument(XMLDocumentFragmentScannerImpl.java:505)
		at com.sun.org.apache.xerces.internal.parsers.XML11Configuration.parse(XML11Configuration.java:842)
		at com.sun.org.apache.xerces.internal.parsers.XML11Configuration.parse(XML11Configuration.java:771)
		at com.sun.org.apache.xerces.internal.parsers.XMLParser.parse(XMLParser.java:141)
		at com.sun.org.apache.xerces.internal.parsers.AbstractSAXParser.parse(AbstractSAXParser.java:1213)
		at com.sun.org.apache.xerces.internal.jaxp.SAXParserImpl$JAXPSAXParser.parse(SAXParserImpl.java:643)
		at org.apache.tomcat.util.digester.Digester.parse(Digester.java:1472)
		at org.apache.catalina.startup.Catalina.load(Catalina.java:566)
		at org.apache.catalina.startup.Catalina.load(Catalina.java:607)
		at sun.reflect.NativeMethodAccessorImpl.invoke0(Native Method)
		at sun.reflect.NativeMethodAccessorImpl.invoke(NativeMethodAccessorImpl.java:62)
		at sun.reflect.DelegatingMethodAccessorImpl.invoke(DelegatingMethodAccessorImpl.java:43)
		at java.lang.reflect.Method.invoke(Method.java:498)
		at org.apache.catalina.startup.Bootstrap.load(Bootstrap.java:303)
		at org.apache.catalina.startup.Bootstrap.main(Bootstrap.java:473)
21-May-2021 17:26:28.846 경고 [main] org.apache.catalina.startup.SetAllPropertiesRule.begin [SetAllPropertiesRule]{Server/Service/Connector} Setting property 'port' to '${management.bind.port}' did not find a matching property.
21-May-2021 17:26:28.909 경고 [main] org.apache.catalina.core.StandardContext.setPath 컨텍스트 경로는 반드시 빈 문자열이거나, 또는 '/'로 시작하고 '/'로 끝나지 않는 문자열이어야 합니다. 해당 경로 [/]은(는) 이 조건을 충족시키지 않아 [](으)로 변경되었습니다.
21-May-2021 17:26:28.932 정보 [main] org.apache.catalina.startup.VersionLoggerListener.log 서버 버전 이름:        Apache Tomcat/9.0.30.redhat-4
21-May-2021 17:26:28.932 정보 [main] org.apache.catalina.startup.VersionLoggerListener.log Server 빌드 시각:          Mar 31 2020 09:14:38 UTC
21-May-2021 17:26:28.932 정보 [main] org.apache.catalina.startup.VersionLoggerListener.log Server 버전 번호:         9.0.30.0
21-May-2021 17:26:28.932 정보 [main] org.apache.catalina.startup.VersionLoggerListener.log 운영체제 이름:               Linux
21-May-2021 17:26:28.932 정보 [main] org.apache.catalina.startup.VersionLoggerListener.log 운영체제 버전:            3.10.0-862.el7.x86_64
21-May-2021 17:26:28.932 정보 [main] org.apache.catalina.startup.VersionLoggerListener.log 아키텍처:          amd64
21-May-2021 17:26:28.932 정보 [main] org.apache.catalina.startup.VersionLoggerListener.log 자바 홈:             /usr/lib/jvm/java-1.8.0-openjdk-1.8.0.292.b10-1.el7_9.x86_64/jre
21-May-2021 17:26:28.933 정보 [main] org.apache.catalina.startup.VersionLoggerListener.log JVM 버전:           1.8.0_292-b10
21-May-2021 17:26:28.933 정보 [main] org.apache.catalina.startup.VersionLoggerListener.log JVM 벤더:            Red Hat, Inc.
21-May-2021 17:26:28.933 정보 [main] org.apache.catalina.startup.VersionLoggerListener.log CATALINA_BASE:         /hli_app/sw/was/domains/TET_SMP
21-May-2021 17:26:28.933 정보 [main] org.apache.catalina.startup.VersionLoggerListener.log CATALINA_HOME:         /hli_app/sw/was/domains/TET_SMP
21-May-2021 17:26:28.934 정보 [main] org.apache.catalina.startup.VersionLoggerListener.log 명령 행 아규먼트: -Djava.util.logging.config.file=/hli_app/sw/was/domains/TET_SMP/conf/logging.properties
21-May-2021 17:26:28.934 정보 [main] org.apache.catalina.startup.VersionLoggerListener.log 명령 행 아규먼트: -Djava.util.logging.manager=org.apache.juli.ClassLoaderLogManager
21-May-2021 17:26:28.934 정보 [main] org.apache.catalina.startup.VersionLoggerListener.log 명령 행 아규먼트: -Djdk.tls.ephemeralDHKeySize=2048
21-May-2021 17:26:28.934 정보 [main] org.apache.catalina.startup.VersionLoggerListener.log 명령 행 아규먼트: -Djava.protocol.handler.pkgs=org.apache.catalina.webresources
21-May-2021 17:26:28.934 정보 [main] org.apache.catalina.startup.VersionLoggerListener.log 명령 행 아규먼트: -Dorg.apache.catalina.security.SecurityListener.UMASK=0027
21-May-2021 17:26:28.934 정보 [main] org.apache.catalina.startup.VersionLoggerListener.log 명령 행 아규먼트: -Dignore.endorsed.dirs=
21-May-2021 17:26:28.934 정보 [main] org.apache.catalina.startup.VersionLoggerListener.log 명령 행 아규먼트: -Dcatalina.base=/hli_app/sw/was/domains/TET_SMP
21-May-2021 17:26:28.934 정보 [main] org.apache.catalina.startup.VersionLoggerListener.log 명령 행 아규먼트: -Dcatalina.home=/hli_app/sw/was/domains/TET_SMP
21-May-2021 17:26:28.935 정보 [main] org.apache.catalina.startup.VersionLoggerListener.log 명령 행 아규먼트: -Djava.io.tmpdir=/hli_app/sw/was/domains/TET_SMP/temp
21-May-2021 17:26:28.935 정보 [main] org.apache.catalina.core.AprLifecycleListener.lifecycleEvent 프로덕션 환경들에서 최적의 성능을 제공하는, APR 기반 Apache Tomcat Native 라이브러리가, 다음 java.library.path에서 발견되지 않습니다: [/usr/java/packages/lib/amd64:/usr/lib64:/lib64:/lib:/usr/lib]
21-May-2021 17:26:29.352 정보 [main] org.apache.coyote.AbstractProtocol.init 프로토콜 핸들러 ["http-nio--1"]을(를) 초기화합니다.
21-May-2021 17:26:29.364 심각 [main] org.apache.catalina.util.LifecycleBase.handleSubClassException 구성요소 [Connector[HTTP/1.1-auto-1]]을(를) 초기화하지 못했습니다.
	org.apache.catalina.LifecycleException: 프로토콜 핸들러 초기화가 실패했습니다.
		at org.apache.catalina.connector.Connector.initInternal(Connector.java:983)
		at org.apache.catalina.util.LifecycleBase.init(LifecycleBase.java:136)
		at org.apache.catalina.core.StandardService.initInternal(StandardService.java:533)
		at org.apache.catalina.util.LifecycleBase.init(LifecycleBase.java:136)
		at org.apache.catalina.core.StandardServer.initInternal(StandardServer.java:1057)
		at org.apache.catalina.util.LifecycleBase.init(LifecycleBase.java:136)
		at org.apache.catalina.startup.Catalina.load(Catalina.java:584)
		at org.apache.catalina.startup.Catalina.load(Catalina.java:607)
		at sun.reflect.NativeMethodAccessorImpl.invoke0(Native Method)
		at sun.reflect.NativeMethodAccessorImpl.invoke(NativeMethodAccessorImpl.java:62)
		at sun.reflect.DelegatingMethodAccessorImpl.invoke(DelegatingMethodAccessorImpl.java:43)
		at java.lang.reflect.Method.invoke(Method.java:498)
		at org.apache.catalina.startup.Bootstrap.load(Bootstrap.java:303)
		at org.apache.catalina.startup.Bootstrap.main(Bootstrap.java:473)
	Caused by: java.lang.IllegalArgumentException: port out of range:-1
		at java.net.InetSocketAddress.checkPort(InetSocketAddress.java:143)
		at java.net.InetSocketAddress.<init>(InetSocketAddress.java:188)
		at org.apache.tomcat.util.net.NioEndpoint.initServerSocket(NioEndpoint.java:228)
		at org.apache.tomcat.util.net.NioEndpoint.bind(NioEndpoint.java:212)
		at org.apache.tomcat.util.net.AbstractEndpoint.bindWithCleanup(AbstractEndpoint.java:1141)
		at org.apache.tomcat.util.net.AbstractEndpoint.init(AbstractEndpoint.java:1154)
		at org.apache.coyote.AbstractProtocol.init(AbstractProtocol.java:575)
		at org.apache.coyote.http11.AbstractHttp11Protocol.init(AbstractHttp11Protocol.java:74)
		at org.apache.catalina.connector.Connector.initInternal(Connector.java:980)
		... 13 more
21-May-2021 17:26:29.366 정보 [main] org.apache.coyote.AbstractProtocol.init 프로토콜 핸들러 ["ajp-nio-127.0.0.1--1"]을(를) 초기화합니다.
21-May-2021 17:26:29.368 심각 [main] org.apache.catalina.util.LifecycleBase.handleSubClassException 구성요소 [Connector[AJP/1.3-auto-2]]을(를) 초기화하지 못했습니다.
	org.apache.catalina.LifecycleException: 프로토콜 핸들러 초기화가 실패했습니다.
		at org.apache.catalina.connector.Connector.initInternal(Connector.java:983)
		at org.apache.catalina.util.LifecycleBase.init(LifecycleBase.java:136)
		at org.apache.catalina.core.StandardService.initInternal(StandardService.java:533)
		at org.apache.catalina.util.LifecycleBase.init(LifecycleBase.java:136)
		at org.apache.catalina.core.StandardServer.initInternal(StandardServer.java:1057)
		at org.apache.catalina.util.LifecycleBase.init(LifecycleBase.java:136)
		at org.apache.catalina.startup.Catalina.load(Catalina.java:584)
		at org.apache.catalina.startup.Catalina.load(Catalina.java:607)
		at sun.reflect.NativeMethodAccessorImpl.invoke0(Native Method)
		at sun.reflect.NativeMethodAccessorImpl.invoke(NativeMethodAccessorImpl.java:62)
		at sun.reflect.DelegatingMethodAccessorImpl.invoke(DelegatingMethodAccessorImpl.java:43)
		at java.lang.reflect.Method.invoke(Method.java:498)
		at org.apache.catalina.startup.Bootstrap.load(Bootstrap.java:303)
		at org.apache.catalina.startup.Bootstrap.main(Bootstrap.java:473)
	Caused by: java.lang.IllegalArgumentException: port out of range:-1
		at java.net.InetSocketAddress.checkPort(InetSocketAddress.java:143)
		at java.net.InetSocketAddress.<init>(InetSocketAddress.java:188)
		at org.apache.tomcat.util.net.NioEndpoint.initServerSocket(NioEndpoint.java:228)
		at org.apache.tomcat.util.net.NioEndpoint.bind(NioEndpoint.java:212)
		at org.apache.tomcat.util.net.AbstractEndpoint.bindWithCleanup(AbstractEndpoint.java:1141)
		at org.apache.tomcat.util.net.AbstractEndpoint.init(AbstractEndpoint.java:1154)
		at org.apache.coyote.AbstractProtocol.init(AbstractProtocol.java:575)
		at org.apache.catalina.connector.Connector.initInternal(Connector.java:980)
		... 13 more
21-May-2021 17:26:29.368 정보 [main] org.apache.coyote.AbstractProtocol.init 프로토콜 핸들러 ["http-nio--1"]을(를) 초기화합니다.
21-May-2021 17:26:29.369 심각 [main] org.apache.catalina.util.LifecycleBase.handleSubClassException 구성요소 [Connector[HTTP/1.1-auto-3]]을(를) 초기화하지 못했습니다.
	org.apache.catalina.LifecycleException: 프로토콜 핸들러 초기화가 실패했습니다.
		at org.apache.catalina.connector.Connector.initInternal(Connector.java:983)
		at org.apache.catalina.util.LifecycleBase.init(LifecycleBase.java:136)
		at org.apache.catalina.core.StandardService.initInternal(StandardService.java:533)
		at org.apache.catalina.util.LifecycleBase.init(LifecycleBase.java:136)
		at org.apache.catalina.core.StandardServer.initInternal(StandardServer.java:1057)
		at org.apache.catalina.util.LifecycleBase.init(LifecycleBase.java:136)
		at org.apache.catalina.startup.Catalina.load(Catalina.java:584)
		at org.apache.catalina.startup.Catalina.load(Catalina.java:607)
		at sun.reflect.NativeMethodAccessorImpl.invoke0(Native Method)
		at sun.reflect.NativeMethodAccessorImpl.invoke(NativeMethodAccessorImpl.java:62)
		at sun.reflect.DelegatingMethodAccessorImpl.invoke(DelegatingMethodAccessorImpl.java:43)
		at java.lang.reflect.Method.invoke(Method.java:498)
		at org.apache.catalina.startup.Bootstrap.load(Bootstrap.java:303)
		at org.apache.catalina.startup.Bootstrap.main(Bootstrap.java:473)
	Caused by: java.lang.IllegalArgumentException: port out of range:-1
		at java.net.InetSocketAddress.checkPort(InetSocketAddress.java:143)
		at java.net.InetSocketAddress.<init>(InetSocketAddress.java:188)
		at org.apache.tomcat.util.net.NioEndpoint.initServerSocket(NioEndpoint.java:228)
		at org.apache.tomcat.util.net.NioEndpoint.bind(NioEndpoint.java:212)
		at org.apache.tomcat.util.net.AbstractEndpoint.bindWithCleanup(AbstractEndpoint.java:1141)
		at org.apache.tomcat.util.net.AbstractEndpoint.init(AbstractEndpoint.java:1154)
		at org.apache.coyote.AbstractProtocol.init(AbstractProtocol.java:575)
		at org.apache.coyote.http11.AbstractHttp11Protocol.init(AbstractHttp11Protocol.java:74)
		at org.apache.catalina.connector.Connector.initInternal(Connector.java:980)
		... 13 more
21-May-2021 17:26:29.371 정보 [main] org.apache.catalina.startup.Catalina.load [860] 밀리초 내에 서버가 초기화되었습니다.
21-May-2021 17:26:29.400 정보 [main] org.apache.catalina.core.StandardService.startInternal 서비스 [Catalina]을(를) 시작합니다.
21-May-2021 17:26:29.401 정보 [main] org.apache.catalina.core.StandardEngine.startInternal 서버 엔진을 시작합니다: [Apache Tomcat/9.0.30.redhat-4]
21-May-2021 17:26:29.404 심각 [main] org.apache.catalina.startup.HostConfig.beforeStart 배치를 위한 디렉토리 [/hli_app/sw/was/domains/TET_SMP/${jws.webapp}]을(를) 생성할 수 없습니다.
21-May-2021 17:26:29.425 경고 [main] org.apache.catalina.core.StandardContext.postWorkDirectory 컨텍스트 []을(를) 위한 작업 디렉토리 [/hli_app/sw/was/domains/TET_SMP/work/Catalina/localhost/ROOT]을(를) 생성하지 못했습니다.
21-May-2021 17:26:29.444 심각 [main] org.apache.catalina.core.ContainerBase.startInternal 자식 컨테이너를 시작 중 실패했습니다.
	java.util.concurrent.ExecutionException: org.apache.catalina.LifecycleException: 구성요소 [org.apache.catalina.webresources.StandardRoot@cb0ed20]을(를) 시작하지 못했습니다.
		at java.util.concurrent.FutureTask.report(FutureTask.java:122)
		at java.util.concurrent.FutureTask.get(FutureTask.java:192)
		at org.apache.catalina.core.ContainerBase.startInternal(ContainerBase.java:916)
		at org.apache.catalina.core.StandardHost.startInternal(StandardHost.java:841)
		at org.apache.catalina.util.LifecycleBase.start(LifecycleBase.java:183)
		at org.apache.catalina.core.ContainerBase$StartChild.call(ContainerBase.java:1384)
		at org.apache.catalina.core.ContainerBase$StartChild.call(ContainerBase.java:1374)
		at java.util.concurrent.FutureTask.run(FutureTask.java:266)
		at org.apache.tomcat.util.threads.InlineExecutorService.execute(InlineExecutorService.java:75)
		at java.util.concurrent.AbstractExecutorService.submit(AbstractExecutorService.java:134)
		at org.apache.catalina.core.ContainerBase.startInternal(ContainerBase.java:909)
		at org.apache.catalina.core.StandardEngine.startInternal(StandardEngine.java:262)
		at org.apache.catalina.util.LifecycleBase.start(LifecycleBase.java:183)
		at org.apache.catalina.core.StandardService.startInternal(StandardService.java:421)
		at org.apache.catalina.util.LifecycleBase.start(LifecycleBase.java:183)
		at org.apache.catalina.core.StandardServer.startInternal(StandardServer.java:930)
		at org.apache.catalina.util.LifecycleBase.start(LifecycleBase.java:183)
		at org.apache.catalina.startup.Catalina.start(Catalina.java:633)
		at sun.reflect.NativeMethodAccessorImpl.invoke0(Native Method)
		at sun.reflect.NativeMethodAccessorImpl.invoke(NativeMethodAccessorImpl.java:62)
		at sun.reflect.DelegatingMethodAccessorImpl.invoke(DelegatingMethodAccessorImpl.java:43)
		at java.lang.reflect.Method.invoke(Method.java:498)
		at org.apache.catalina.startup.Bootstrap.start(Bootstrap.java:343)
		at org.apache.catalina.startup.Bootstrap.main(Bootstrap.java:474)
	Caused by: org.apache.catalina.LifecycleException: 구성요소 [org.apache.catalina.webresources.StandardRoot@cb0ed20]을(를) 시작하지 못했습니다.
		at org.apache.catalina.util.LifecycleBase.handleSubClassException(LifecycleBase.java:440)
		at org.apache.catalina.util.LifecycleBase.start(LifecycleBase.java:198)
		at org.apache.catalina.core.StandardContext.resourcesStart(StandardContext.java:4800)
		at org.apache.catalina.core.StandardContext.startInternal(StandardContext.java:4935)
		at org.apache.catalina.util.LifecycleBase.start(LifecycleBase.java:183)
		at org.apache.catalina.core.ContainerBase$StartChild.call(ContainerBase.java:1384)
		at org.apache.catalina.core.ContainerBase$StartChild.call(ContainerBase.java:1374)
		at java.util.concurrent.FutureTask.run(FutureTask.java:266)
		at org.apache.tomcat.util.threads.InlineExecutorService.execute(InlineExecutorService.java:75)
		at java.util.concurrent.AbstractExecutorService.submit(AbstractExecutorService.java:134)
		at org.apache.catalina.core.ContainerBase.startInternal(ContainerBase.java:909)
		... 21 more
	Caused by: java.lang.IllegalArgumentException: 지정된 주요 리소스셋 [/hli_app/sw/was/domains/TET_SMP/${jws.webapp}]은(는) 유효하지 않습니다.
		at org.apache.catalina.webresources.StandardRoot.createMainResourceSet(StandardRoot.java:752)
		at org.apache.catalina.webresources.StandardRoot.startInternal(StandardRoot.java:709)
		at org.apache.catalina.util.LifecycleBase.start(LifecycleBase.java:183)
		... 30 more
21-May-2021 17:26:29.445 심각 [main] org.apache.catalina.core.ContainerBase.startInternal 자식 컨테이너를 시작 중 실패했습니다.
	java.util.concurrent.ExecutionException: org.apache.catalina.LifecycleException: 자식 컨테이너를 시작 중 실패했습니다.
		at java.util.concurrent.FutureTask.report(FutureTask.java:122)
		at java.util.concurrent.FutureTask.get(FutureTask.java:192)
		at org.apache.catalina.core.ContainerBase.startInternal(ContainerBase.java:916)
		at org.apache.catalina.core.StandardEngine.startInternal(StandardEngine.java:262)
		at org.apache.catalina.util.LifecycleBase.start(LifecycleBase.java:183)
		at org.apache.catalina.core.StandardService.startInternal(StandardService.java:421)
		at org.apache.catalina.util.LifecycleBase.start(LifecycleBase.java:183)
		at org.apache.catalina.core.StandardServer.startInternal(StandardServer.java:930)
		at org.apache.catalina.util.LifecycleBase.start(LifecycleBase.java:183)
		at org.apache.catalina.startup.Catalina.start(Catalina.java:633)
		at sun.reflect.NativeMethodAccessorImpl.invoke0(Native Method)
		at sun.reflect.NativeMethodAccessorImpl.invoke(NativeMethodAccessorImpl.java:62)
		at sun.reflect.DelegatingMethodAccessorImpl.invoke(DelegatingMethodAccessorImpl.java:43)
		at java.lang.reflect.Method.invoke(Method.java:498)
		at org.apache.catalina.startup.Bootstrap.start(Bootstrap.java:343)
		at org.apache.catalina.startup.Bootstrap.main(Bootstrap.java:474)
	Caused by: org.apache.catalina.LifecycleException: 자식 컨테이너를 시작 중 실패했습니다.
		at org.apache.catalina.core.ContainerBase.startInternal(ContainerBase.java:928)
		at org.apache.catalina.core.StandardHost.startInternal(StandardHost.java:841)
		at org.apache.catalina.util.LifecycleBase.start(LifecycleBase.java:183)
		at org.apache.catalina.core.ContainerBase$StartChild.call(ContainerBase.java:1384)
		at org.apache.catalina.core.ContainerBase$StartChild.call(ContainerBase.java:1374)
		at java.util.concurrent.FutureTask.run(FutureTask.java:266)
		at org.apache.tomcat.util.threads.InlineExecutorService.execute(InlineExecutorService.java:75)
		at java.util.concurrent.AbstractExecutorService.submit(AbstractExecutorService.java:134)
		at org.apache.catalina.core.ContainerBase.startInternal(ContainerBase.java:909)
		... 13 more
	Caused by: java.util.concurrent.ExecutionException: org.apache.catalina.LifecycleException: 구성요소 [org.apache.catalina.webresources.StandardRoot@cb0ed20]을(를) 시작하지 못했습니다.
		at java.util.concurrent.FutureTask.report(FutureTask.java:122)
		at java.util.concurrent.FutureTask.get(FutureTask.java:192)
		at org.apache.catalina.core.ContainerBase.startInternal(ContainerBase.java:916)
		... 21 more
	Caused by: org.apache.catalina.LifecycleException: 구성요소 [org.apache.catalina.webresources.StandardRoot@cb0ed20]을(를) 시작하지 못했습니다.
		at org.apache.catalina.util.LifecycleBase.handleSubClassException(LifecycleBase.java:440)
		at org.apache.catalina.util.LifecycleBase.start(LifecycleBase.java:198)
		at org.apache.catalina.core.StandardContext.resourcesStart(StandardContext.java:4800)
		at org.apache.catalina.core.StandardContext.startInternal(StandardContext.java:4935)
		at org.apache.catalina.util.LifecycleBase.start(LifecycleBase.java:183)
		at org.apache.catalina.core.ContainerBase$StartChild.call(ContainerBase.java:1384)
		at org.apache.catalina.core.ContainerBase$StartChild.call(ContainerBase.java:1374)
		at java.util.concurrent.FutureTask.run(FutureTask.java:266)
		at org.apache.tomcat.util.threads.InlineExecutorService.execute(InlineExecutorService.java:75)
		at java.util.concurrent.AbstractExecutorService.submit(AbstractExecutorService.java:134)
		at org.apache.catalina.core.ContainerBase.startInternal(ContainerBase.java:909)
		... 21 more
	Caused by: java.lang.IllegalArgumentException: 지정된 주요 리소스셋 [/hli_app/sw/was/domains/TET_SMP/${jws.webapp}]은(는) 유효하지 않습니다.
		at org.apache.catalina.webresources.StandardRoot.createMainResourceSet(StandardRoot.java:752)
		at org.apache.catalina.webresources.StandardRoot.startInternal(StandardRoot.java:709)
		at org.apache.catalina.util.LifecycleBase.start(LifecycleBase.java:183)
		... 30 more
21-May-2021 17:26:29.452 심각 [main] org.apache.catalina.startup.Catalina.start 필수 항목인 서버 구성요소가 제대로 시작되지 못하여, Tomcat이 시작될 수 없습니다.
	org.apache.catalina.LifecycleException: 자식 컨테이너를 시작 중 실패했습니다.
		at org.apache.catalina.core.ContainerBase.startInternal(ContainerBase.java:928)
		at org.apache.catalina.core.StandardEngine.startInternal(StandardEngine.java:262)
		at org.apache.catalina.util.LifecycleBase.start(LifecycleBase.java:183)
		at org.apache.catalina.core.StandardService.startInternal(StandardService.java:421)
		at org.apache.catalina.util.LifecycleBase.start(LifecycleBase.java:183)
		at org.apache.catalina.core.StandardServer.startInternal(StandardServer.java:930)
		at org.apache.catalina.util.LifecycleBase.start(LifecycleBase.java:183)
		at org.apache.catalina.startup.Catalina.start(Catalina.java:633)
		at sun.reflect.NativeMethodAccessorImpl.invoke0(Native Method)
		at sun.reflect.NativeMethodAccessorImpl.invoke(NativeMethodAccessorImpl.java:62)
		at sun.reflect.DelegatingMethodAccessorImpl.invoke(DelegatingMethodAccessorImpl.java:43)
		at java.lang.reflect.Method.invoke(Method.java:498)
		at org.apache.catalina.startup.Bootstrap.start(Bootstrap.java:343)
		at org.apache.catalina.startup.Bootstrap.main(Bootstrap.java:474)
	Caused by: java.util.concurrent.ExecutionException: org.apache.catalina.LifecycleException: 자식 컨테이너를 시작 중 실패했습니다.
		at java.util.concurrent.FutureTask.report(FutureTask.java:122)
		at java.util.concurrent.FutureTask.get(FutureTask.java:192)
		at org.apache.catalina.core.ContainerBase.startInternal(ContainerBase.java:916)
		... 13 more
	Caused by: org.apache.catalina.LifecycleException: 자식 컨테이너를 시작 중 실패했습니다.
		at org.apache.catalina.core.ContainerBase.startInternal(ContainerBase.java:928)
		at org.apache.catalina.core.StandardHost.startInternal(StandardHost.java:841)
		at org.apache.catalina.util.LifecycleBase.start(LifecycleBase.java:183)
		at org.apache.catalina.core.ContainerBase$StartChild.call(ContainerBase.java:1384)
		at org.apache.catalina.core.ContainerBase$StartChild.call(ContainerBase.java:1374)
		at java.util.concurrent.FutureTask.run(FutureTask.java:266)
		at org.apache.tomcat.util.threads.InlineExecutorService.execute(InlineExecutorService.java:75)
		at java.util.concurrent.AbstractExecutorService.submit(AbstractExecutorService.java:134)
		at org.apache.catalina.core.ContainerBase.startInternal(ContainerBase.java:909)
		... 13 more
	Caused by: java.util.concurrent.ExecutionException: org.apache.catalina.LifecycleException: 구성요소 [org.apache.catalina.webresources.StandardRoot@cb0ed20]을(를) 시작하지 못했습니다.
		at java.util.concurrent.FutureTask.report(FutureTask.java:122)
		at java.util.concurrent.FutureTask.get(FutureTask.java:192)
		at org.apache.catalina.core.ContainerBase.startInternal(ContainerBase.java:916)
		... 21 more
	Caused by: org.apache.catalina.LifecycleException: 구성요소 [org.apache.catalina.webresources.StandardRoot@cb0ed20]을(를) 시작하지 못했습니다.
		at org.apache.catalina.util.LifecycleBase.handleSubClassException(LifecycleBase.java:440)
		at org.apache.catalina.util.LifecycleBase.start(LifecycleBase.java:198)
		at org.apache.catalina.core.StandardContext.resourcesStart(StandardContext.java:4800)
		at org.apache.catalina.core.StandardContext.startInternal(StandardContext.java:4935)
		at org.apache.catalina.util.LifecycleBase.start(LifecycleBase.java:183)
		at org.apache.catalina.core.ContainerBase$StartChild.call(ContainerBase.java:1384)
		at org.apache.catalina.core.ContainerBase$StartChild.call(ContainerBase.java:1374)
		at java.util.concurrent.FutureTask.run(FutureTask.java:266)
		at org.apache.tomcat.util.threads.InlineExecutorService.execute(InlineExecutorService.java:75)
		at java.util.concurrent.AbstractExecutorService.submit(AbstractExecutorService.java:134)
		at org.apache.catalina.core.ContainerBase.startInternal(ContainerBase.java:909)
		... 21 more
	Caused by: java.lang.IllegalArgumentException: 지정된 주요 리소스셋 [/hli_app/sw/was/domains/TET_SMP/${jws.webapp}]은(는) 유효하지 않습니다.
		at org.apache.catalina.webresources.StandardRoot.createMainResourceSet(StandardRoot.java:752)
		at org.apache.catalina.webresources.StandardRoot.startInternal(StandardRoot.java:709)
		at org.apache.catalina.util.LifecycleBase.start(LifecycleBase.java:183)
		... 30 more
21-May-2021 17:26:29.453 정보 [main] org.apache.coyote.AbstractProtocol.pause 프로토콜 핸들러 ["http-nio--1"]을(를) 일시 정지 중
21-May-2021 17:26:29.453 정보 [main] org.apache.coyote.AbstractProtocol.pause 프로토콜 핸들러 ["ajp-nio-127.0.0.1--1"]을(를) 일시 정지 중
21-May-2021 17:26:29.453 정보 [main] org.apache.coyote.AbstractProtocol.pause 프로토콜 핸들러 ["http-nio--1"]을(를) 일시 정지 중
21-May-2021 17:26:29.453 정보 [main] org.apache.catalina.core.StandardService.stopInternal 서비스 [Catalina]을(를) 중지시킵니다.
21-May-2021 17:26:29.455 정보 [main] org.apache.coyote.AbstractProtocol.stop 프로토콜 핸들러 ["http-nio--1"]을(를) 중지시킵니다.
21-May-2021 17:26:29.455 정보 [main] org.apache.coyote.AbstractProtocol.destroy 프로토콜 핸들러 ["http-nio--1"]을(를) 소멸시킵니다.
21-May-2021 17:26:29.455 정보 [main] org.apache.coyote.AbstractProtocol.stop 프로토콜 핸들러 ["ajp-nio-127.0.0.1--1"]을(를) 중지시킵니다.
21-May-2021 17:26:29.455 정보 [main] org.apache.coyote.AbstractProtocol.destroy 프로토콜 핸들러 ["ajp-nio-127.0.0.1--1"]을(를) 소멸시킵니다.
21-May-2021 17:26:29.456 정보 [main] org.apache.coyote.AbstractProtocol.stop 프로토콜 핸들러 ["http-nio--1"]을(를) 중지시킵니다.
21-May-2021 17:26:29.456 정보 [main] org.apache.coyote.AbstractProtocol.destroy 프로토콜 핸들러 ["http-nio--1"]을(를) 소멸시킵니다.
